<?xml version="1.0" encoding="UTF-8"?>
<!-- Generated by org.testng.reporters.JUnitReportReporter -->
<testsuite hostname="LAPTOP-C6FCVAK2" failures="0" tests="1" name="LaunchChrome" time="4.667" errors="0" timestamp="2022-01-18T16:56:45 IST" skipped="0">
  <testcase classname="LaunchChrome" name="launchandclosegoole" time="4.667"/>
  <system-out/>
</testsuite> <!-- LaunchChrome -->
